2025-07-08 17:58:43 [ERROR]: uncaughtException: listen EADDRINUSE: address already in use :::3001
Error: listen EADDRINUSE: address already in use :::3001
    at Server.setupListenHandle [as _listen2] (node:net:1937:16)
    at listenInCluster (node:net:1994:12)
    at Server.listen (node:net:2099:7)
    at startServer (C:\Users\sarth\OneDrive - iitkgp.ac.in\Desktop\content_creator_platform\websocket-server\src\server.ts:271:16)
Error: listen EADDRINUSE: address already in use :::3001
    at Server.setupListenHandle [as _listen2] (node:net:1937:16)
    at listenInCluster (node:net:1994:12)
    at Server.listen (node:net:2099:7)
    at startServer (C:\Users\sarth\OneDrive - iitkgp.ac.in\Desktop\content_creator_platform\websocket-server\src\server.ts:271:16)
{
  "error": {
    "code": "EADDRINUSE",
    "errno": -4091,
    "syscall": "listen",
    "address": "::",
    "port": 3001
  },
  "exception": true,
  "date": "Tue Jul 08 2025 17:58:43 GMT+0530 (India Standard Time)",
  "process": {
    "pid": 20436,
    "uid": null,
    "gid": null,
    "cwd": "C:\\Users\\sarth\\OneDrive - iitkgp.ac.in\\Desktop\\content_creator_platform\\websocket-server",
    "execPath": "C:\\Program Files\\nodejs\\node.exe",
    "version": "v22.14.0",
    "argv": [
      "C:\\Program Files\\nodejs\\node.exe",
      "C:\\Users\\sarth\\OneDrive - iitkgp.ac.in\\Desktop\\content_creator_platform\\websocket-server\\src\\server.ts"
    ],
    "memoryUsage": {
      "rss": 89350144,
      "heapTotal": 34082816,
      "heapUsed": 17942648,
      "external": 3696226,
      "arrayBuffers": 189187
    }
  },
  "os": {
    "loadavg": [
      0,
      0,
      0
    ],
    "uptime": 5234384.718
  },
  "trace": [
    {
      "column": 16,
      "file": "node:net",
      "function": "Server.setupListenHandle [as _listen2]",
      "line": 1937,
      "method": "setupListenHandle [as _listen2]",
      "native": false
    },
    {
      "column": 12,
      "file": "node:net",
      "function": "listenInCluster",
      "line": 1994,
      "method": null,
      "native": false
    },
    {
      "column": 7,
      "file": "node:net",
      "function": "Server.listen",
      "line": 2099,
      "method": "listen",
      "native": false
    },
    {
      "column": 16,
      "file": "C:\\Users\\sarth\\OneDrive - iitkgp.ac.in\\Desktop\\content_creator_platform\\websocket-server\\src\\server.ts",
      "function": "startServer",
      "line": 271,
      "method": null,
      "native": false
    }
  ]
}
